#-----------------------------------------------------------
# Vivado v2018.3 (64-bit)
# SW Build 2405991 on Thu Dec  6 23:36:41 MST 2018
# IP Build 2404404 on Fri Dec  7 01:43:56 MST 2018
# Start of session at: Fri Mar 15 16:04:15 2019
# Process ID: 13353
# Current directory: /media/psf/raid/simon/src/verilog/xls/design
# Command line: vivado xls.xpr
# Log file: /media/psf/raid/simon/src/verilog/xls/design/vivado.log
# Journal file: /media/psf/raid/simon/src/verilog/xls/design/vivado.jou
#-----------------------------------------------------------
start_gui
open_project xls.xpr
INFO: [Project 1-313] Project file moved from '/media/psf/raid/simon/src/verilog/xls' since last save.
Scanning sources...
Finished scanning sources
INFO: [filemgmt 56-1] IP Repository Path: Directory not found as '/media/psf/raid/simon/src/verilog/xls/ip_repo/xlio_1.0'; using path '/media/psf/raid/simon/src/verilog/ip_repo/xlio_1.0' instead.
INFO: [filemgmt 56-1] IP Repository Path: Directory not found as '/media/psf/raid/simon/src/verilog/xls/ip_repo/xlio_1.0'; using path '/media/psf/raid/simon/src/verilog/ip_repo/xlio_1.0' instead.
INFO: [IP_Flow 19-234] Refreshing IP repositories
INFO: [IP_Flow 19-1700] Loaded user IP repository '/media/psf/raid/simon/src/verilog/ip_repo/xlio_1.0'.
WARNING: [IP_Flow 19-2207] Repository '/media/psf/raid/simon/src/verilog/ip_repo/xlio_1.0' already exists; ignoring attempt to add it again.
INFO: [IP_Flow 19-1700] Loaded user IP repository '/media/psf/raid/simon/src/verilog/ip_repo/xlio_1.0'.
INFO: [IP_Flow 19-2313] Loaded Vivado IP repository '/media/psf/raid/Xilinx/Vivado/2018.3/data/ip'.
open_project: Time (s): cpu = 00:00:15 ; elapsed = 00:00:20 . Memory (MB): peak = 6468.160 ; gain = 105.254 ; free physical = 4282 ; free virtual = 13600
update_compile_order -fileset sources_1
launch_sdk -workspace /media/psf/raid/simon/src/verilog/xls/design/xls.sdk -hwspec /media/psf/raid/simon/src/verilog/xls/design/xls.sdk/design_1_wrapper.hdf
INFO: [Vivado 12-393] Launching SDK...
INFO: [Vivado 12-417] Running xsdk -workspace /media/psf/raid/simon/src/verilog/xls/design/xls.sdk -hwspec /media/psf/raid/simon/src/verilog/xls/design/xls.sdk/design_1_wrapper.hdf
INFO: [Vivado 12-3157] SDK launch initiated. Please check console for any further messages.
exit
INFO: [Common 17-206] Exiting Vivado at Fri Mar 15 16:09:23 2019...
